2024-08-09 17:10:31 下午 [Thread: main][ Class:com.aliyun.sample.HRService >> Method: com.aliyun.sample.HRService.<init>(HRService.java:27) ]
INFO:当前刷新的token是c60fd19eb3aa3e058929956763841619
2024-08-09 17:10:32 下午 [Thread: main][ Class:com.aliyun.sample.HRService >> Method: com.aliyun.sample.HRService.queryDeptUser(HRService.java:145) ]
INFO:{"errcode":0,"errmsg":"ok","result":{"has_more":false,"list":[{"active":true,"admin":true,"avatar":"https:\/\/static-legacy.dingtalk.com\/media\/lQDPD3FAC1hqNyPNAyDNAyCwk3dHJquc4r0Ge3IOAZ1aAA_800_800.jpg","boss":false,"dept_id_list":[860700436,1],"dept_order":180000567000676160,"email":"","exclusive_account":false,"extension":"{\"员工类型\":\"全职\"}","hide_mobile":false,"hired_date":1425312000000,"job_number":"100","leader":true,"mobile":"18964203875","name":"南召","remark":"创始团队成员","state_code":"86","telephone":"","title":"","unionid":"58vrm2o0e92fPiS4men2TLgiEiE","userid":"0269536630682869","work_place":"杭州市阿里巴巴西溪园区1号楼502"},{"active":true,"admin":false,"avatar":"https:\/\/static-legacy.dingtalk.com\/media\/lQDPM4WYXsmi6-_NAYfNAYew8jtiGhuaq_EFjNNzmeDeAA_391_391.jpg","boss":false,"dept_id_list":[860700436],"dept_order":180000567000676157,"email":"nxy01119626@alibaba-inc.com","exclusive_account":false,"extension":"{\"员工类型\":\"全职\"}","hide_mobile":false,"job_number":"103","leader":true,"mobile":"18595828923","name":"聂新琰","remark":"创始团队成员","state_code":"86","telephone":"","title":"","unionid":"ZkaTkM12fGThiPPoOPI2iiZgiEiE","userid":"02023555424032390210","work_place":"杭州市阿里巴巴西溪园区1号楼502"},{"active":true,"admin":false,"avatar":"https:\/\/static-legacy.dingtalk.com\/media\/lQLPM4hDZnTfnDNUVLDY64qFGanaqAWuITKQRqgA_84_84.png","boss":false,"dept_id_list":[860700436],"dept_order":180000567000676156,"email":"lp236891@alibaba-inc.com","exclusive_account":false,"extension":"{\"员工类型\":\"全职\"}","hide_mobile":false,"job_number":"104","leader":true,"mobile":"18658727110","name":"解识","remark":"创始团队成员","state_code":"86","telephone":"","title":"","unionid":"m9dGhoMj1mVwNEhNZPAGmwiEiE","userid":"0139610044651130051","work_place":"杭州市阿里巴巴西溪园区1号楼502"}]},"request_id":"15sq9sxcyzgc9"}
2024-08-09 17:24:48 下午 [Thread: main][ Class:com.aliyun.sample.HRService >> Method: com.aliyun.sample.HRService.<init>(HRService.java:27) ]
INFO:当前刷新的token是c60fd19eb3aa3e058929956763841619
2024-08-09 17:24:49 下午 [Thread: main][ Class:com.aliyun.sample.HRService >> Method: com.aliyun.sample.HRService.queryDeptUser(HRService.java:146) ]
INFO:com.dingtalk.api.response.OapiV2UserListResponse$ListUserResponse@1d8d30f7
2024-08-09 17:24:49 下午 [Thread: main][ Class:com.aliyun.sample.HRService >> Method: com.aliyun.sample.HRService.queryDeptUser(HRService.java:146) ]
INFO:com.dingtalk.api.response.OapiV2UserListResponse$ListUserResponse@3e57cd70
2024-08-09 17:24:49 下午 [Thread: main][ Class:com.aliyun.sample.HRService >> Method: com.aliyun.sample.HRService.queryDeptUser(HRService.java:146) ]
INFO:com.dingtalk.api.response.OapiV2UserListResponse$ListUserResponse@9a7504c
2024-08-09 17:25:47 下午 [Thread: main][ Class:com.aliyun.sample.HRService >> Method: com.aliyun.sample.HRService.<init>(HRService.java:28) ]
INFO:当前刷新的token是c60fd19eb3aa3e058929956763841619
2024-08-09 17:25:48 下午 [Thread: main][ Class:com.aliyun.sample.HRService >> Method: com.aliyun.sample.HRService.queryDeptUser(HRService.java:147) ]
INFO:{"active":true,"admin":true,"avatar":"https://static-legacy.dingtalk.com/media/lQDPD3FAC1hqNyPNAyDNAyCwk3dHJquc4r0Ge3IOAZ1aAA_800_800.jpg","boss":false,"deptIdList":[860700436,1],"deptOrder":180000567000676160,"email":"","exclusiveAccount":false,"extension":"{\"员工类型\":\"全职\"}","hideMobile":false,"hiredDate":1425312000000,"jobNumber":"100","leader":true,"mobile":"18964203875","name":"南召","remark":"创始团队成员","stateCode":"86","telephone":"","title":"","unionid":"58vrm2o0e92fPiS4men2TLgiEiE","userid":"0269536630682869","workPlace":"杭州市阿里巴巴西溪园区1号楼502"}
2024-08-09 17:25:48 下午 [Thread: main][ Class:com.aliyun.sample.HRService >> Method: com.aliyun.sample.HRService.queryDeptUser(HRService.java:147) ]
INFO:{"active":true,"admin":false,"avatar":"https://static-legacy.dingtalk.com/media/lQDPM4WYXsmi6-_NAYfNAYew8jtiGhuaq_EFjNNzmeDeAA_391_391.jpg","boss":false,"deptIdList":[860700436],"deptOrder":180000567000676157,"email":"nxy01119626@alibaba-inc.com","exclusiveAccount":false,"extension":"{\"员工类型\":\"全职\"}","hideMobile":false,"jobNumber":"103","leader":true,"mobile":"18595828923","name":"聂新琰","remark":"创始团队成员","stateCode":"86","telephone":"","title":"","unionid":"ZkaTkM12fGThiPPoOPI2iiZgiEiE","userid":"02023555424032390210","workPlace":"杭州市阿里巴巴西溪园区1号楼502"}
2024-08-09 17:25:48 下午 [Thread: main][ Class:com.aliyun.sample.HRService >> Method: com.aliyun.sample.HRService.queryDeptUser(HRService.java:147) ]
INFO:{"active":true,"admin":false,"avatar":"https://static-legacy.dingtalk.com/media/lQLPM4hDZnTfnDNUVLDY64qFGanaqAWuITKQRqgA_84_84.png","boss":false,"deptIdList":[860700436],"deptOrder":180000567000676156,"email":"lp236891@alibaba-inc.com","exclusiveAccount":false,"extension":"{\"员工类型\":\"全职\"}","hideMobile":false,"jobNumber":"104","leader":true,"mobile":"18658727110","name":"解识","remark":"创始团队成员","stateCode":"86","telephone":"","title":"","unionid":"m9dGhoMj1mVwNEhNZPAGmwiEiE","userid":"0139610044651130051","workPlace":"杭州市阿里巴巴西溪园区1号楼502"}
